{'mcc': 0.5612434384082302, 'acc': 0.7803794913201454, 'eval_loss': 2.238124613578503}
{'mcc': 0.5612434384082302, 'acc': 0.7803794913201454, 'eval_loss': 2.238124613578503}
Test F1-macro score: 0.6486731046443261

{'mcc': 0.4413950302763577, 'acc': 0.7145379635079459, 'eval_loss': 2.7022268558725955}
{'mcc': 0.4413950302763577, 'acc': 0.7145379635079459, 'eval_loss': 2.7022268558725955}
MM2012 F1-macro score: 0.5612168636067141

{'mcc': 0.3852093326198095, 'acc': 0.6770601336302895, 'eval_loss': 2.593740075826645}
{'mcc': 0.3852093326198095, 'acc': 0.6770601336302895, 'eval_loss': 2.593740075826645}
Bank F1-macro score: 0.44252525252525254

{'mcc': 0.3415947682314575, 'acc': 0.6621880998080614, 'eval_loss': 3.1580218738979764}
{'mcc': 0.3415947682314575, 'acc': 0.6621880998080614, 'eval_loss': 3.1580218738979764}
Empire F1-macro score: 0.4887723722236331

{'mcc': 0.3571015905737653, 'acc': 0.6415327564894932, 'eval_loss': 3.511098494896522}
{'mcc': 0.3571015905737653, 'acc': 0.6415327564894932, 'eval_loss': 3.511098494896522}
Money F1-macro score: 0.5126323394559147

{'mcc': 0.3543560681062435, 'acc': 0.660377358490566, 'eval_loss': 3.3392428434812107}
{'mcc': 0.3543560681062435, 'acc': 0.660377358490566, 'eval_loss': 3.3392428434812107}
Problem F1-macro score: 0.5349837066223921

{'mcc': 0.37538785433013183, 'acc': 0.6573849878934624, 'eval_loss': 3.3803775127117452}
{'mcc': 0.37538785433013183, 'acc': 0.6573849878934624, 'eval_loss': 3.3803775127117452}
Welfare F1-macro score: 0.5511353978177067
